<?xml version="1.0" encoding="UTF-8"?>
<testng-results skipped="0" failed="0" ignored="0" total="2" passed="2">
  <reporter-output>
  </reporter-output>
  <suite name="Suite" duration-ms="0" started-at="2019-08-30T14:50:43 IST" finished-at="2019-08-30T14:50:43 IST">
    <groups>
    </groups>
  </suite> <!-- Suite -->
  <suite name="Suite (0)" duration-ms="26652" started-at="2019-08-30T14:50:16 IST" finished-at="2019-08-30T14:50:43 IST">
    <groups>
    </groups>
    <test name="Test" duration-ms="26652" started-at="2019-08-30T14:50:16 IST" finished-at="2019-08-30T14:50:43 IST">
      <class name="com.redbus.testscripts.RedbusTestScript">
        <test-method status="PASS" signature="openWebPage()[pri:0, instance:com.redbus.testscripts.RedbusTestScript@5b87ed94]" name="openWebPage" is-config="true" duration-ms="13352" started-at="2019-08-30T14:50:16 IST" finished-at="2019-08-30T14:50:30 IST">
          <reporter-output>
          </reporter-output>
        </test-method> <!-- openWebPage -->
        <test-method status="PASS" signature="HomePage()[pri:1, instance:com.redbus.testscripts.RedbusTestScript@5b87ed94]" name="HomePage" duration-ms="11300" started-at="2019-08-30T14:50:30 IST" finished-at="2019-08-30T14:50:41 IST">
          <reporter-output>
          </reporter-output>
        </test-method> <!-- HomePage -->
        <test-method status="PASS" signature="countTotalBusesTest()[pri:2, instance:com.redbus.testscripts.RedbusTestScript@5b87ed94]" name="countTotalBusesTest" duration-ms="995" started-at="2019-08-30T14:50:41 IST" finished-at="2019-08-30T14:50:42 IST">
          <reporter-output>
          </reporter-output>
        </test-method> <!-- countTotalBusesTest -->
        <test-method status="PASS" signature="closeBrowser()[pri:0, instance:com.redbus.testscripts.RedbusTestScript@5b87ed94]" name="closeBrowser" is-config="true" duration-ms="963" started-at="2019-08-30T14:50:42 IST" finished-at="2019-08-30T14:50:43 IST">
          <reporter-output>
          </reporter-output>
        </test-method> <!-- closeBrowser -->
      </class> <!-- com.redbus.testscripts.RedbusTestScript -->
    </test> <!-- Test -->
  </suite> <!-- Suite (0) -->
</testng-results>
